22-Jan-2025 19:41:37.062 INFO [main] org.apache.catalina.startup.VersionLoggerListener.log Server version name:   Apache Tomcat/10.1.34
22-Jan-2025 19:41:37.067 INFO [main] org.apache.catalina.startup.VersionLoggerListener.log Server built:          Dec 5 2024 16:01:16 UTC
22-Jan-2025 19:41:37.067 INFO [main] org.apache.catalina.startup.VersionLoggerListener.log Server version number: 10.1.34.0
22-Jan-2025 19:41:37.068 INFO [main] org.apache.catalina.startup.VersionLoggerListener.log OS Name:               Windows 11
22-Jan-2025 19:41:37.068 INFO [main] org.apache.catalina.startup.VersionLoggerListener.log OS Version:            10.0
22-Jan-2025 19:41:37.068 INFO [main] org.apache.catalina.startup.VersionLoggerListener.log Architecture:          amd64
22-Jan-2025 19:41:37.068 INFO [main] org.apache.catalina.startup.VersionLoggerListener.log Java Home:             C:\Program Files\Java\jdk-22
22-Jan-2025 19:41:37.068 INFO [main] org.apache.catalina.startup.VersionLoggerListener.log JVM Version:           22.0.1+8-16
22-Jan-2025 19:41:37.068 INFO [main] org.apache.catalina.startup.VersionLoggerListener.log JVM Vendor:            Oracle Corporation
22-Jan-2025 19:41:37.068 INFO [main] org.apache.catalina.startup.VersionLoggerListener.log CATALINA_BASE:         D:\NortonCode\ProjectJava\project3
22-Jan-2025 19:41:37.068 INFO [main] org.apache.catalina.startup.VersionLoggerListener.log CATALINA_HOME:         C:\Program Files\apache-tomcat-10.1.34
22-Jan-2025 19:41:37.080 INFO [main] org.apache.catalina.startup.VersionLoggerListener.log Command line argument: --add-opens=java.base/java.lang=ALL-UNNAMED
22-Jan-2025 19:41:37.080 INFO [main] org.apache.catalina.startup.VersionLoggerListener.log Command line argument: --add-opens=java.base/java.io=ALL-UNNAMED
22-Jan-2025 19:41:37.080 INFO [main] org.apache.catalina.startup.VersionLoggerListener.log Command line argument: --add-opens=java.base/java.util=ALL-UNNAMED
22-Jan-2025 19:41:37.080 INFO [main] org.apache.catalina.startup.VersionLoggerListener.log Command line argument: --add-opens=java.base/java.util.concurrent=ALL-UNNAMED
22-Jan-2025 19:41:37.080 INFO [main] org.apache.catalina.startup.VersionLoggerListener.log Command line argument: --add-opens=java.rmi/sun.rmi.transport=ALL-UNNAMED
22-Jan-2025 19:41:37.081 INFO [main] org.apache.catalina.startup.VersionLoggerListener.log Command line argument: -Dcatalina.home=C:\Program Files\apache-tomcat-10.1.34
22-Jan-2025 19:41:37.081 INFO [main] org.apache.catalina.startup.VersionLoggerListener.log Command line argument: -Dcatalina.base=D:\NortonCode\ProjectJava\project3
22-Jan-2025 19:41:37.081 INFO [main] org.apache.catalina.startup.VersionLoggerListener.log Command line argument: -Djava.io.tmpdir=D:\NortonCode\ProjectJava\project3\temp
22-Jan-2025 19:41:37.081 INFO [main] org.apache.catalina.startup.VersionLoggerListener.log Command line argument: -Djava.util.logging.config.file=D:\NortonCode\ProjectJava\project3\conf\logging.properties
22-Jan-2025 19:41:37.081 INFO [main] org.apache.catalina.startup.VersionLoggerListener.log Command line argument: -Djava.util.logging.manager=org.apache.juli.ClassLoaderLogManager
22-Jan-2025 19:41:37.081 INFO [main] org.apache.catalina.startup.VersionLoggerListener.log Command line argument: -javaagent:C:\Program Files\JetBrains\IntelliJ IDEA Community Edition 2024.1.1\lib\idea_rt.jar=52447:C:\Program Files\JetBrains\IntelliJ IDEA Community Edition 2024.1.1\bin
22-Jan-2025 19:41:37.081 INFO [main] org.apache.catalina.startup.VersionLoggerListener.log Command line argument: -Dfile.encoding=UTF-8
22-Jan-2025 19:41:37.081 INFO [main] org.apache.catalina.startup.VersionLoggerListener.log Command line argument: -Dsun.stdout.encoding=UTF-8
22-Jan-2025 19:41:37.081 INFO [main] org.apache.catalina.startup.VersionLoggerListener.log Command line argument: -Dsun.stderr.encoding=UTF-8
22-Jan-2025 19:41:37.087 WARNING [main] org.apache.catalina.core.AprLifecycleListener.init The Apache Tomcat Native library failed to load. The error reported was [C:\Program Files\apache-tomcat-10.1.34\bin\tcnative-2.dll: Can't load IA 32-bit .dll on a AMD 64-bit platform]
	java.lang.UnsatisfiedLinkError: C:\Program Files\apache-tomcat-10.1.34\bin\tcnative-2.dll: Can't load IA 32-bit .dll on a AMD 64-bit platform
		at java.base/jdk.internal.loader.NativeLibraries.load(Native Method)
		at java.base/jdk.internal.loader.NativeLibraries$NativeLibraryImpl.open(NativeLibraries.java:331)
		at java.base/jdk.internal.loader.NativeLibraries.loadLibrary(NativeLibraries.java:197)
		at java.base/jdk.internal.loader.NativeLibraries.loadLibrary(NativeLibraries.java:139)
		at java.base/java.lang.ClassLoader.loadLibrary(ClassLoader.java:2399)
		at java.base/java.lang.Runtime.load0(Runtime.java:852)
		at java.base/java.lang.System.load(System.java:2030)
		at org.apache.tomcat.jni.Library.<init>(Library.java:39)
		at org.apache.tomcat.jni.Library.initialize(Library.java:147)
		at org.apache.catalina.core.AprLifecycleListener.init(AprLifecycleListener.java:211)
		at org.apache.catalina.core.AprLifecycleListener.lifecycleEvent(AprLifecycleListener.java:143)
		at org.apache.catalina.util.LifecycleBase.fireLifecycleEvent(LifecycleBase.java:109)
		at org.apache.catalina.util.LifecycleBase.setStateInternal(LifecycleBase.java:389)
		at org.apache.catalina.util.LifecycleBase.init(LifecycleBase.java:121)
		at org.apache.catalina.startup.Catalina.load(Catalina.java:712)
		at org.apache.catalina.startup.Catalina.load(Catalina.java:735)
		at java.base/jdk.internal.reflect.DirectMethodHandleAccessor.invoke(DirectMethodHandleAccessor.java:103)
		at java.base/java.lang.reflect.Method.invoke(Method.java:580)
		at org.apache.catalina.startup.Bootstrap.load(Bootstrap.java:302)
		at org.apache.catalina.startup.Bootstrap.main(Bootstrap.java:472)
22-Jan-2025 19:41:37.592 INFO [main] org.apache.coyote.AbstractProtocol.init Initializing ProtocolHandler ["http-nio-8080"]
22-Jan-2025 19:41:37.630 INFO [main] org.apache.catalina.startup.Catalina.load Server initialization in [894] milliseconds
22-Jan-2025 19:41:37.779 INFO [main] org.apache.catalina.core.StandardService.startInternal Starting service [Catalina]
22-Jan-2025 19:41:37.779 INFO [main] org.apache.catalina.core.StandardEngine.startInternal Starting Servlet engine: [Apache Tomcat/10.1.34]
22-Jan-2025 19:41:37.797 INFO [main] org.apache.catalina.startup.HostConfig.deployDescriptor Deploying deployment descriptor [D:\NortonCode\ProjectJava\project3\conf\Catalina\localhost\project3.xml]
22-Jan-2025 19:41:38.263 INFO [main] org.apache.catalina.startup.HostConfig.deployDescriptor Deployment of deployment descriptor [D:\NortonCode\ProjectJava\project3\conf\Catalina\localhost\project3.xml] has finished in [465] ms
22-Jan-2025 19:41:38.271 INFO [main] org.apache.coyote.AbstractProtocol.start Starting ProtocolHandler ["http-nio-8080"]
22-Jan-2025 19:41:38.318 INFO [main] org.apache.catalina.startup.Catalina.start Server startup in [684] milliseconds
22-Jan-2025 19:42:15.744 INFO [Thread-1] org.apache.coyote.AbstractProtocol.pause Pausing ProtocolHandler ["http-nio-8080"]
22-Jan-2025 19:42:15.761 INFO [Thread-1] org.apache.catalina.core.StandardService.stopInternal Stopping service [Catalina]
22-Jan-2025 19:42:15.797 INFO [Thread-1] org.apache.coyote.AbstractProtocol.stop Stopping ProtocolHandler ["http-nio-8080"]
22-Jan-2025 19:42:15.815 INFO [Thread-1] org.apache.coyote.AbstractProtocol.destroy Destroying ProtocolHandler ["http-nio-8080"]
