04-Feb-2025 14:17:08.758 INFO [main] org.apache.catalina.startup.VersionLoggerListener.log Server version name:   Apache Tomcat/10.1.34
04-Feb-2025 14:17:08.762 INFO [main] org.apache.catalina.startup.VersionLoggerListener.log Server built:          Dec 5 2024 16:01:16 UTC
04-Feb-2025 14:17:08.763 INFO [main] org.apache.catalina.startup.VersionLoggerListener.log Server version number: 10.1.34.0
04-Feb-2025 14:17:08.763 INFO [main] org.apache.catalina.startup.VersionLoggerListener.log OS Name:               Windows 11
04-Feb-2025 14:17:08.763 INFO [main] org.apache.catalina.startup.VersionLoggerListener.log OS Version:            10.0
04-Feb-2025 14:17:08.764 INFO [main] org.apache.catalina.startup.VersionLoggerListener.log Architecture:          amd64
04-Feb-2025 14:17:08.764 INFO [main] org.apache.catalina.startup.VersionLoggerListener.log Java Home:             C:\Program Files\Java\jdk-22
04-Feb-2025 14:17:08.764 INFO [main] org.apache.catalina.startup.VersionLoggerListener.log JVM Version:           22.0.1+8-16
04-Feb-2025 14:17:08.764 INFO [main] org.apache.catalina.startup.VersionLoggerListener.log JVM Vendor:            Oracle Corporation
04-Feb-2025 14:17:08.764 INFO [main] org.apache.catalina.startup.VersionLoggerListener.log CATALINA_BASE:         D:\NortonCode\ProjectJava\project3
04-Feb-2025 14:17:08.764 INFO [main] org.apache.catalina.startup.VersionLoggerListener.log CATALINA_HOME:         C:\Program Files\apache-tomcat-10.1.34
04-Feb-2025 14:17:08.777 INFO [main] org.apache.catalina.startup.VersionLoggerListener.log Command line argument: --add-opens=java.base/java.lang=ALL-UNNAMED
04-Feb-2025 14:17:08.777 INFO [main] org.apache.catalina.startup.VersionLoggerListener.log Command line argument: --add-opens=java.base/java.io=ALL-UNNAMED
04-Feb-2025 14:17:08.777 INFO [main] org.apache.catalina.startup.VersionLoggerListener.log Command line argument: --add-opens=java.base/java.util=ALL-UNNAMED
04-Feb-2025 14:17:08.777 INFO [main] org.apache.catalina.startup.VersionLoggerListener.log Command line argument: --add-opens=java.base/java.util.concurrent=ALL-UNNAMED
04-Feb-2025 14:17:08.777 INFO [main] org.apache.catalina.startup.VersionLoggerListener.log Command line argument: --add-opens=java.rmi/sun.rmi.transport=ALL-UNNAMED
04-Feb-2025 14:17:08.778 INFO [main] org.apache.catalina.startup.VersionLoggerListener.log Command line argument: -Dcatalina.home=C:\Program Files\apache-tomcat-10.1.34
04-Feb-2025 14:17:08.778 INFO [main] org.apache.catalina.startup.VersionLoggerListener.log Command line argument: -Dcatalina.base=D:\NortonCode\ProjectJava\project3
04-Feb-2025 14:17:08.778 INFO [main] org.apache.catalina.startup.VersionLoggerListener.log Command line argument: -Djava.io.tmpdir=D:\NortonCode\ProjectJava\project3\temp
04-Feb-2025 14:17:08.778 INFO [main] org.apache.catalina.startup.VersionLoggerListener.log Command line argument: -Djava.util.logging.config.file=D:\NortonCode\ProjectJava\project3\conf\logging.properties
04-Feb-2025 14:17:08.778 INFO [main] org.apache.catalina.startup.VersionLoggerListener.log Command line argument: -Djava.util.logging.manager=org.apache.juli.ClassLoaderLogManager
04-Feb-2025 14:17:08.778 INFO [main] org.apache.catalina.startup.VersionLoggerListener.log Command line argument: -javaagent:C:\Program Files\JetBrains\IntelliJ IDEA Community Edition 2024.1.1\lib\idea_rt.jar=51808:C:\Program Files\JetBrains\IntelliJ IDEA Community Edition 2024.1.1\bin
04-Feb-2025 14:17:08.778 INFO [main] org.apache.catalina.startup.VersionLoggerListener.log Command line argument: -Dfile.encoding=UTF-8
04-Feb-2025 14:17:08.778 INFO [main] org.apache.catalina.startup.VersionLoggerListener.log Command line argument: -Dsun.stdout.encoding=UTF-8
04-Feb-2025 14:17:08.778 INFO [main] org.apache.catalina.startup.VersionLoggerListener.log Command line argument: -Dsun.stderr.encoding=UTF-8
04-Feb-2025 14:17:08.783 WARNING [main] org.apache.catalina.core.AprLifecycleListener.init The Apache Tomcat Native library failed to load. The error reported was [C:\Program Files\apache-tomcat-10.1.34\bin\tcnative-2.dll: Can't load IA 32-bit .dll on a AMD 64-bit platform]
	java.lang.UnsatisfiedLinkError: C:\Program Files\apache-tomcat-10.1.34\bin\tcnative-2.dll: Can't load IA 32-bit .dll on a AMD 64-bit platform
		at java.base/jdk.internal.loader.NativeLibraries.load(Native Method)
		at java.base/jdk.internal.loader.NativeLibraries$NativeLibraryImpl.open(NativeLibraries.java:331)
		at java.base/jdk.internal.loader.NativeLibraries.loadLibrary(NativeLibraries.java:197)
		at java.base/jdk.internal.loader.NativeLibraries.loadLibrary(NativeLibraries.java:139)
		at java.base/java.lang.ClassLoader.loadLibrary(ClassLoader.java:2399)
		at java.base/java.lang.Runtime.load0(Runtime.java:852)
		at java.base/java.lang.System.load(System.java:2030)
		at org.apache.tomcat.jni.Library.<init>(Library.java:39)
		at org.apache.tomcat.jni.Library.initialize(Library.java:147)
		at org.apache.catalina.core.AprLifecycleListener.init(AprLifecycleListener.java:211)
		at org.apache.catalina.core.AprLifecycleListener.lifecycleEvent(AprLifecycleListener.java:143)
		at org.apache.catalina.util.LifecycleBase.fireLifecycleEvent(LifecycleBase.java:109)
		at org.apache.catalina.util.LifecycleBase.setStateInternal(LifecycleBase.java:389)
		at org.apache.catalina.util.LifecycleBase.init(LifecycleBase.java:121)
		at org.apache.catalina.startup.Catalina.load(Catalina.java:712)
		at org.apache.catalina.startup.Catalina.load(Catalina.java:735)
		at java.base/jdk.internal.reflect.DirectMethodHandleAccessor.invoke(DirectMethodHandleAccessor.java:103)
		at java.base/java.lang.reflect.Method.invoke(Method.java:580)
		at org.apache.catalina.startup.Bootstrap.load(Bootstrap.java:302)
		at org.apache.catalina.startup.Bootstrap.main(Bootstrap.java:472)
04-Feb-2025 14:17:09.198 INFO [main] org.apache.coyote.AbstractProtocol.init Initializing ProtocolHandler ["http-nio-8080"]
04-Feb-2025 14:17:09.218 INFO [main] org.apache.catalina.startup.Catalina.load Server initialization in [777] milliseconds
04-Feb-2025 14:17:09.278 INFO [main] org.apache.catalina.core.StandardService.startInternal Starting service [Catalina]
04-Feb-2025 14:17:09.278 INFO [main] org.apache.catalina.core.StandardEngine.startInternal Starting Servlet engine: [Apache Tomcat/10.1.34]
04-Feb-2025 14:17:09.290 INFO [main] org.apache.catalina.startup.HostConfig.deployDescriptor Deploying deployment descriptor [D:\NortonCode\ProjectJava\project3\conf\Catalina\localhost\project3.xml]
04-Feb-2025 14:17:09.648 INFO [main] org.apache.catalina.startup.HostConfig.deployDescriptor Deployment of deployment descriptor [D:\NortonCode\ProjectJava\project3\conf\Catalina\localhost\project3.xml] has finished in [358] ms
04-Feb-2025 14:17:09.652 INFO [main] org.apache.coyote.AbstractProtocol.start Starting ProtocolHandler ["http-nio-8080"]
04-Feb-2025 14:17:09.677 INFO [main] org.apache.catalina.startup.Catalina.start Server startup in [457] milliseconds
04-Feb-2025 14:17:35.121 INFO [Thread-1] org.apache.coyote.AbstractProtocol.pause Pausing ProtocolHandler ["http-nio-8080"]
04-Feb-2025 14:17:35.131 INFO [Thread-1] org.apache.catalina.core.StandardService.stopInternal Stopping service [Catalina]
04-Feb-2025 14:17:35.147 INFO [Thread-1] org.apache.coyote.AbstractProtocol.stop Stopping ProtocolHandler ["http-nio-8080"]
04-Feb-2025 14:17:35.164 INFO [Thread-1] org.apache.coyote.AbstractProtocol.destroy Destroying ProtocolHandler ["http-nio-8080"]
